<?xml version="1.0" encoding="UTF-8"?>
<!-- Generated by org.testng.reporters.JUnitXMLReporter -->
<testsuite ignored="0" hostname="DESKTOP-THHJ88C" failures="0" tests="14" name="Test" time="9.409" errors="0" timestamp="2022-10-11T15:19:54 IST">
  <testcase classname="com.demo.FlipkartTestChrome" name="@BeforeClass beforeClass" time="9.018">
    <failure type="org.openqa.selenium.NoSuchWindowException" message="no such window: target window already closed
from unknown error: web view not found
  (Session info: chrome=105.0.5195.127)
Build info: version: &amp;apos;3.5.1&amp;apos;, revision: &amp;apos;9c21bb67ef&amp;apos;, time: &amp;apos;2017-08-17T15:26:08.955Z&amp;apos;
System info: host: &amp;apos;DESKTOP-THHJ88C&amp;apos;, ip: &amp;apos;192.168.152.2&amp;apos;, os.name: &amp;apos;Windows 10&amp;apos;, os.arch: &amp;apos;amd64&amp;apos;, os.version: &amp;apos;10.0&amp;apos;, java.version: &amp;apos;17.0.3&amp;apos;
Driver info: org.openqa.selenium.chrome.ChromeDriver
Capabilities [{networkConnectionEnabled=false, chrome={chromedriverVersion=105.0.5195.52 (412c95e518836d8a7d97250d62b29c2ae6a26a85-refs/branch-heads/5195@{#853}), userDataDir=C:\Users\Hi\AppData\Local\Temp\scoped_dir2912_353833674}, timeouts={implicit=0.0, pageLoad=300000.0, script=30000.0}, pageLoadStrategy=normal, unhandledPromptBehavior=dismiss and notify, strictFileInteractability=false, platform=ANY, proxy=Proxy(), goog:chromeOptions={debuggerAddress=localhost:51628}, webauthn:extension:credBlob=true, acceptInsecureCerts=false, browserVersion=105.0.5195.127, browserName=chrome, javascriptEnabled=true, platformName=windows, setWindowRect=true, webauthn:extension:largeBlob=true, webauthn:virtualAuthenticators=true}]
Session ID: 608f33c31086f3b1a779cd320aaf31f9">
      <![CDATA[org.openqa.selenium.NoSuchWindowException: no such window: target window already closed
from unknown error: web view not found
  (Session info: chrome=105.0.5195.127)
Build info: version: '3.5.1', revision: '9c21bb67ef', time: '2017-08-17T15:26:08.955Z'
System info: host: 'DESKTOP-THHJ88C', ip: '192.168.152.2', os.name: 'Windows 10', os.arch: 'amd64', os.version: '10.0', java.version: '17.0.3'
Driver info: org.openqa.selenium.chrome.ChromeDriver
Capabilities [{networkConnectionEnabled=false, chrome={chromedriverVersion=105.0.5195.52 (412c95e518836d8a7d97250d62b29c2ae6a26a85-refs/branch-heads/5195@{#853}), userDataDir=C:\Users\Hi\AppData\Local\Temp\scoped_dir2912_353833674}, timeouts={implicit=0.0, pageLoad=300000.0, script=30000.0}, pageLoadStrategy=normal, unhandledPromptBehavior=dismiss and notify, strictFileInteractability=false, platform=ANY, proxy=Proxy(), goog:chromeOptions={debuggerAddress=localhost:51628}, webauthn:extension:credBlob=true, acceptInsecureCerts=false, browserVersion=105.0.5195.127, browserName=chrome, javascriptEnabled=true, platformName=windows, setWindowRect=true, webauthn:extension:largeBlob=true, webauthn:virtualAuthenticators=true}]
Session ID: 608f33c31086f3b1a779cd320aaf31f9
at org.openqa.selenium.remote.http.W3CHttpResponseCodec.createException(W3CHttpResponseCodec.java:185)
at org.openqa.selenium.remote.http.W3CHttpResponseCodec.decode(W3CHttpResponseCodec.java:120)
at org.openqa.selenium.remote.http.W3CHttpResponseCodec.decode(W3CHttpResponseCodec.java:49)
at org.openqa.selenium.remote.HttpCommandExecutor.execute(HttpCommandExecutor.java:164)
at org.openqa.selenium.remote.service.DriverCommandExecutor.execute(DriverCommandExecutor.java:82)
at org.openqa.selenium.remote.RemoteWebDriver.execute(RemoteWebDriver.java:641)
at org.openqa.selenium.remote.RemoteWebDriver.execute(RemoteWebDriver.java:698)
at org.openqa.selenium.remote.RemoteWebDriver$RemoteWebDriverOptions$RemoteWindow.maximize(RemoteWebDriver.java:929)
at com.demo.FlipkartTestChrome.beforeClass(FlipkartTestChrome.java:34)
at java.base/java.util.ArrayList.forEach(ArrayList.java:1511)
... Removed 30 stack frames]]>
    </failure>
  </testcase> <!-- @BeforeClass beforeClass -->
  <testcase classname="com.demo.FlipkartTestChrome" name="@AfterClass afterClass" time="0.0">
    <skipped/>
  </testcase> <!-- @AfterClass afterClass -->
  <testcase classname="com.demo.FlipkartTestEdge" name="@BeforeClass beforeClass" time="0.011">
    <failure type="java.lang.IllegalStateException" message="The driver executable does not exist: D:\Phase 5\edgedriver_win64\msedgedriver.exe">
      <![CDATA[java.lang.IllegalStateException: The driver executable does not exist: D:\Phase 5\edgedriver_win64\msedgedriver.exe
at com.google.common.base.Preconditions.checkState(Preconditions.java:534)
at org.openqa.selenium.remote.service.DriverService.checkExecutable(DriverService.java:136)
at org.openqa.selenium.remote.service.DriverService.findExecutable(DriverService.java:131)
at org.openqa.selenium.edge.EdgeDriverService.access$000(EdgeDriverService.java:34)
at org.openqa.selenium.edge.EdgeDriverService$Builder.findDefaultExecutable(EdgeDriverService.java:75)
at org.openqa.selenium.remote.service.DriverService$Builder.build(DriverService.java:329)
at org.openqa.selenium.edge.EdgeDriverService.createDefaultService(EdgeDriverService.java:67)
at org.openqa.selenium.edge.EdgeDriver.<init>(EdgeDriver.java:96)
at com.demo.FlipkartTestEdge.beforeClass(FlipkartTestEdge.java:32)
at java.base/java.util.ArrayList.forEach(ArrayList.java:1511)
... Removed 25 stack frames]]>
    </failure>
  </testcase> <!-- @BeforeClass beforeClass -->
  <testcase classname="com.demo.FlipkartTestEdge" name="@AfterClass afterClass" time="0.0">
    <skipped/>
  </testcase> <!-- @AfterClass afterClass -->
  <testcase classname="com.demo.FlipkartTestChrome" name="closeLogin" time="0.001">
    <skipped/>
  </testcase> <!-- closeLogin -->
  <testcase classname="com.demo.FlipkartTestChrome" name="scroll" time="0.0">
    <skipped/>
  </testcase> <!-- scroll -->
  <testcase classname="com.demo.FlipkartTestChrome" name="searchProduct" time="0.001">
    <skipped/>
  </testcase> <!-- searchProduct -->
  <testcase classname="com.demo.FlipkartTestChrome" name="loadImage" time="0.004">
    <skipped/>
  </testcase> <!-- loadImage -->
  <testcase classname="com.demo.FlipkartTestChrome" name="scrollFrequency" time="0.001">
    <skipped/>
  </testcase> <!-- scrollFrequency -->
  <testcase classname="com.demo.FlipkartTestChrome" name="downloadImages" time="0.0">
    <skipped/>
  </testcase> <!-- downloadImages -->
  <testcase classname="com.demo.FlipkartTestChrome" name="screenResolution" time="0.0">
    <skipped/>
  </testcase> <!-- screenResolution -->
  <testcase classname="com.demo.FlipkartTestEdge" name="closeLogin" time="0.0">
    <skipped/>
  </testcase> <!-- closeLogin -->
  <testcase classname="com.demo.FlipkartTestEdge" name="scroll" time="0.001">
    <skipped/>
  </testcase> <!-- scroll -->
  <testcase classname="com.demo.FlipkartTestEdge" name="searchProduct" time="0.0">
    <skipped/>
  </testcase> <!-- searchProduct -->
  <testcase classname="com.demo.FlipkartTestEdge" name="loadImage" time="0.0">
    <skipped/>
  </testcase> <!-- loadImage -->
  <testcase classname="com.demo.FlipkartTestEdge" name="scrollFrequency" time="0.0">
    <skipped/>
  </testcase> <!-- scrollFrequency -->
  <testcase classname="com.demo.FlipkartTestEdge" name="downloadImages" time="0.002">
    <skipped/>
  </testcase> <!-- downloadImages -->
  <testcase classname="com.demo.FlipkartTestEdge" name="screenResolution" time="0.0">
    <skipped/>
  </testcase> <!-- screenResolution -->
</testsuite> <!-- Test -->
